<?xml version="1.0" encoding="UTF-8"?>
<!-- Generated by org.testng.reporters.JUnitXMLReporter -->
<testsuite ignored="0" hostname="DESKTOP-5EVK54D" failures="0" tests="3" name="Default test" time="0.149" errors="0" timestamp="2022-12-08T09:57:13 IST">
  <testcase classname="testngdiscussion.TestClass1" name="login" time="0.014"/>
  <testcase classname="testngdiscussion.TestClass1" name="home" time="0.001"/>
  <testcase classname="testngdiscussion.TestClass1" name="timeline" time="0.004"/>
</testsuite> <!-- Default test -->
