<?xml version="1.0" encoding="UTF-8"?>
<!-- Generated by org.testng.reporters.JUnitXMLReporter -->
<testsuite ignored="0" hostname="DESKTOP-5EVK54D" failures="0" tests="3" name="Amazon" time="44.753" errors="0" timestamp="2022-12-17T09:33:15 IST">
  <testcase classname="testngdiscussion.ParallelTestTagExecution3" name="autoSuggestions" time="20.172"/>
  <testcase classname="testngdiscussion.ParallelTestTagExecution1" name="navToLoginScreen" time="16.411"/>
  <testcase classname="testngdiscussion.ParallelTestTagExecution1" name="loginToApp" time="8.081"/>
</testsuite> <!-- Amazon -->
