<?xml version="1.0" encoding="UTF-8"?>
<!-- Generated by org.testng.reporters.JUnitXMLReporter -->
<testsuite ignored="0" hostname="DESKTOP-5EVK54D" failures="0" tests="3" name="Module1" time="0.191" errors="0" timestamp="2022-12-10T10:03:42 IST">
  <testcase classname="testngdiscussion.Annotations" name="testCase1" time="0.018"/>
  <testcase classname="testngdiscussion.Annotations" name="testCase2" time="0.01"/>
  <testcase classname="testngdiscussion.Annotations2" name="testCase3" time="0.006"/>
</testsuite> <!-- Module1 -->
