<?xml version="1.0" encoding="UTF-8"?>
<!-- Generated by org.testng.reporters.JUnitXMLReporter -->
<testsuite ignored="2" hostname="DESKTOP-5EVK54D" failures="0" tests="4" name="Test" time="0.13" errors="0" timestamp="2022-12-13T09:54:04 IST">
  <testcase classname="testngdiscussion.GroupingOfTestCase" name="home" time="0.013"/>
  <testcase classname="testngdiscussion.GroupingOfTestCase" name="login" time="0.004"/>
  <testcase classname="testngdiscussion.GroupingOfTestCase" name="logout" time="0.003"/>
  <testcase classname="testngdiscussion.GroupingOfTestCase" name="timeline" time="0.002"/>
  <testcase classname="testngdiscussion.GroupingOfTestCase" name="profile" time="0.0">
    <ignored/>
  </testcase> <!-- profile -->
  <testcase classname="testngdiscussion.GroupingOfTestCase" name="closeBrowser" time="0.0">
    <ignored/>
  </testcase> <!-- closeBrowser -->
</testsuite> <!-- Test -->
