<?xml version="1.0" encoding="UTF-8"?>
<!-- Generated by org.testng.reporters.JUnitXMLReporter -->
<testsuite ignored="2" hostname="DESKTOP-5EVK54D" failures="0" tests="3" name="Test" time="0.137" errors="0" timestamp="2022-12-14T09:31:11 IST">
  <testcase classname="testngdiscussion.InclusionAndExclusionOfTestCases" name="profile" time="0.013"/>
  <testcase classname="testngdiscussion.InclusionAndExclusionOfTestCases" name="timeline" time="0.003"/>
  <testcase classname="testngdiscussion.InclusionAndExclusionOfTestCases" name="logout" time="0.005"/>
  <testcase classname="testngdiscussion.InclusionAndExclusionOfTestCases" name="home" time="0.0">
    <ignored/>
  </testcase> <!-- home -->
  <testcase classname="testngdiscussion.InclusionAndExclusionOfTestCases" name="login" time="0.0">
    <ignored/>
  </testcase> <!-- login -->
</testsuite> <!-- Test -->
