<?xml version="1.0" encoding="UTF-8"?>
<testng-results ignored="2" total="5" passed="3" failed="0" skipped="0">
  <reporter-output>
  </reporter-output>
  <suite started-at="2022-12-22T09:54:55 IST" name="Suite" finished-at="2022-12-22T09:55:08 IST" duration-ms="12602">
    <groups>
    </groups>
    <test started-at="2022-12-22T09:54:55 IST" name="Test" finished-at="2022-12-22T09:55:08 IST" duration-ms="12602">
      <class name="testclasses.LoginTest">
        <test-method is-config="true" signature="initBrowser()[pri:0, instance:testclasses.LoginTest@6fdbe764]" started-at="2022-12-22T09:54:42 IST" name="initBrowser" finished-at="2022-12-22T09:54:55 IST" duration-ms="12723" status="PASS">
          <reporter-output>
          </reporter-output>
        </test-method> <!-- initBrowser -->
        <test-method is-config="true" signature="createObject()[pri:0, instance:testclasses.LoginTest@6fdbe764]" started-at="2022-12-22T09:54:55 IST" name="createObject" finished-at="2022-12-22T09:54:55 IST" duration-ms="113" status="PASS">
          <reporter-output>
          </reporter-output>
        </test-method> <!-- createObject -->
        <test-method signature="validateTitle()[pri:1, instance:testclasses.LoginTest@6fdbe764]" started-at="2022-12-22T09:54:55 IST" name="validateTitle" finished-at="2022-12-22T09:54:56 IST" duration-ms="934" status="PASS">
          <reporter-output>
          </reporter-output>
        </test-method> <!-- validateTitle -->
        <test-method signature="verifyLogin()[pri:2, instance:testclasses.LoginTest@6fdbe764]" started-at="2022-12-22T09:54:56 IST" name="verifyLogin" finished-at="2022-12-22T09:55:01 IST" duration-ms="4403" status="PASS">
          <reporter-output>
          </reporter-output>
        </test-method> <!-- verifyLogin -->
        <test-method is-config="true" signature="tearDown()[pri:0, instance:testclasses.LoginTest@6fdbe764]" started-at="2022-12-22T09:55:08 IST" name="tearDown" finished-at="2022-12-22T09:55:09 IST" duration-ms="764" status="PASS">
          <reporter-output>
          </reporter-output>
        </test-method> <!-- tearDown -->
      </class> <!-- testclasses.LoginTest -->
      <class name="testclasses.HomeTest">
        <test-method is-config="true" signature="createObject()[pri:0, instance:testclasses.HomeTest@5824a83d]" started-at="2022-12-22T09:55:01 IST" name="createObject" finished-at="2022-12-22T09:55:01 IST" duration-ms="1" status="PASS">
          <reporter-output>
          </reporter-output>
        </test-method> <!-- createObject -->
        <test-method signature="verifySearch()[pri:3, instance:testclasses.HomeTest@5824a83d]" started-at="2022-12-22T09:55:01 IST" name="verifySearch" finished-at="2022-12-22T09:55:08 IST" duration-ms="6923" status="PASS">
          <reporter-output>
          </reporter-output>
        </test-method> <!-- verifySearch -->
      </class> <!-- testclasses.HomeTest -->
    </test> <!-- Test -->
  </suite> <!-- Suite -->
</testng-results>
