<?xml version="1.0" encoding="UTF-8"?>
<testng-results ignored="2" total="6" passed="4" failed="0" skipped="0">
  <reporter-output>
  </reporter-output>
  <suite started-at="2022-12-13T09:54:04 IST" name="Suite" finished-at="2022-12-13T09:54:04 IST" duration-ms="130">
    <groups>
      <group name="functional">
        <method signature="GroupingOfTestCase.home()[pri:0, instance:testngdiscussion.GroupingOfTestCase@3ee37e5a]" name="home" class="testngdiscussion.GroupingOfTestCase"/>
      </group> <!-- functional -->
      <group name="sanity">
        <method signature="GroupingOfTestCase.login()[pri:0, instance:testngdiscussion.GroupingOfTestCase@3ee37e5a]" name="login" class="testngdiscussion.GroupingOfTestCase"/>
        <method signature="GroupingOfTestCase.logout()[pri:0, instance:testngdiscussion.GroupingOfTestCase@3ee37e5a]" name="logout" class="testngdiscussion.GroupingOfTestCase"/>
        <method signature="GroupingOfTestCase.timeline()[pri:0, instance:testngdiscussion.GroupingOfTestCase@3ee37e5a]" name="timeline" class="testngdiscussion.GroupingOfTestCase"/>
      </group> <!-- sanity -->
    </groups>
    <test started-at="2022-12-13T09:54:04 IST" name="Test" finished-at="2022-12-13T09:54:04 IST" duration-ms="130">
      <class name="testngdiscussion.GroupingOfTestCase">
        <test-method signature="home()[pri:0, instance:testngdiscussion.GroupingOfTestCase@3ee37e5a]" started-at="2022-12-13T09:54:04 IST" name="home" finished-at="2022-12-13T09:54:04 IST" duration-ms="13" status="PASS">
          <reporter-output>
          </reporter-output>
        </test-method> <!-- home -->
        <test-method signature="login()[pri:0, instance:testngdiscussion.GroupingOfTestCase@3ee37e5a]" started-at="2022-12-13T09:54:04 IST" name="login" finished-at="2022-12-13T09:54:04 IST" duration-ms="4" status="PASS">
          <reporter-output>
          </reporter-output>
        </test-method> <!-- login -->
        <test-method signature="logout()[pri:0, instance:testngdiscussion.GroupingOfTestCase@3ee37e5a]" started-at="2022-12-13T09:54:04 IST" name="logout" finished-at="2022-12-13T09:54:04 IST" duration-ms="3" status="PASS">
          <reporter-output>
          </reporter-output>
        </test-method> <!-- logout -->
        <test-method signature="timeline()[pri:0, instance:testngdiscussion.GroupingOfTestCase@3ee37e5a]" started-at="2022-12-13T09:54:04 IST" name="timeline" finished-at="2022-12-13T09:54:04 IST" duration-ms="2" status="PASS">
          <reporter-output>
          </reporter-output>
        </test-method> <!-- timeline -->
      </class> <!-- testngdiscussion.GroupingOfTestCase -->
    </test> <!-- Test -->
  </suite> <!-- Suite -->
</testng-results>
